[0.015s] Invoking command in '/home/kymadogg/ros2_ws/src/RBE3002_ros2/lab3/build/lab3': CMAKE_PREFIX_PATH=${CMAKE_PREFIX_PATH}:/home/kymadogg/ros2_ws/install/turtlebot3_teleop:/home/kymadogg/ros2_ws/install/turtlebot3_example:/opt/ros/jazzy DEBUGINFOD_URLS=https://debuginfod.ubuntu.com /usr/bin/cmake /home/kymadogg/ros2_ws/src/RBE3002_ros2/lab3 -DAMENT_CMAKE_SYMLINK_INSTALL=1 -DCMAKE_INSTALL_PREFIX=/home/kymadogg/ros2_ws/src/RBE3002_ros2/lab3/install/lab3
[0.074s] -- The C compiler identification is GNU 13.3.0
[0.138s] -- The CXX compiler identification is GNU 13.3.0
[0.155s] -- Detecting C compiler ABI info
[0.254s] -- Detecting C compiler ABI info - done
[0.265s] -- Check for working C compiler: /usr/bin/cc - skipped
[0.265s] -- Detecting C compile features
[0.265s] -- Detecting C compile features - done
[0.275s] -- Detecting CXX compiler ABI info
[0.389s] -- Detecting CXX compiler ABI info - done
[0.406s] -- Check for working CXX compiler: /usr/bin/c++ - skipped
[0.406s] -- Detecting CXX compile features
[0.407s] -- Detecting CXX compile features - done
[0.415s] -- Found ament_cmake: 2.5.4 (/opt/ros/jazzy/share/ament_cmake/cmake)
[0.627s] -- Found Python3: /usr/bin/python3 (found version "3.12.3") found components: Interpreter 
[0.711s] -- Override CMake install command with custom implementation using symlinks instead of copying resources
[0.797s] -- Found ament_lint_auto: 0.17.2 (/opt/ros/jazzy/share/ament_lint_auto/cmake)
[0.951s] -- Added test 'cppcheck' to perform static code analysis on C / C++ code
[0.951s] -- Configured cppcheck include dirs: 
[0.952s] -- Configured cppcheck exclude dirs and/or files: 
[0.954s] -- Added test 'flake8' to check Python code syntax and style conventions
[0.954s] -- Configured 'flake8' exclude dirs and/or files: 
[0.957s] -- Added test 'lint_cmake' to check CMake code style
[0.959s] -- Added test 'pep257' to check Python code against some of the docstring style conventions in PEP 257
[0.967s] -- Added test 'uncrustify' to check C / C++ code style
[0.967s] -- Configured uncrustify additional arguments: 
[0.969s] -- Added test 'xmllint' to check XML markup files
[0.972s] -- Configuring done (0.9s)
[0.977s] -- Generating done (0.0s)
[0.980s] -- Build files have been written to: /home/kymadogg/ros2_ws/src/RBE3002_ros2/lab3/build/lab3
[0.987s] Invoked command in '/home/kymadogg/ros2_ws/src/RBE3002_ros2/lab3/build/lab3' returned '0': CMAKE_PREFIX_PATH=${CMAKE_PREFIX_PATH}:/home/kymadogg/ros2_ws/install/turtlebot3_teleop:/home/kymadogg/ros2_ws/install/turtlebot3_example:/opt/ros/jazzy DEBUGINFOD_URLS=https://debuginfod.ubuntu.com /usr/bin/cmake /home/kymadogg/ros2_ws/src/RBE3002_ros2/lab3 -DAMENT_CMAKE_SYMLINK_INSTALL=1 -DCMAKE_INSTALL_PREFIX=/home/kymadogg/ros2_ws/src/RBE3002_ros2/lab3/install/lab3
[0.989s] Invoking command in '/home/kymadogg/ros2_ws/src/RBE3002_ros2/lab3/build/lab3': CMAKE_PREFIX_PATH=${CMAKE_PREFIX_PATH}:/home/kymadogg/ros2_ws/install/turtlebot3_teleop:/home/kymadogg/ros2_ws/install/turtlebot3_example:/opt/ros/jazzy DEBUGINFOD_URLS=https://debuginfod.ubuntu.com /usr/bin/cmake --build /home/kymadogg/ros2_ws/src/RBE3002_ros2/lab3/build/lab3 -- -j8 -l8
[1.038s] Invoked command in '/home/kymadogg/ros2_ws/src/RBE3002_ros2/lab3/build/lab3' returned '0': CMAKE_PREFIX_PATH=${CMAKE_PREFIX_PATH}:/home/kymadogg/ros2_ws/install/turtlebot3_teleop:/home/kymadogg/ros2_ws/install/turtlebot3_example:/opt/ros/jazzy DEBUGINFOD_URLS=https://debuginfod.ubuntu.com /usr/bin/cmake --build /home/kymadogg/ros2_ws/src/RBE3002_ros2/lab3/build/lab3 -- -j8 -l8
[1.051s] Invoking command in '/home/kymadogg/ros2_ws/src/RBE3002_ros2/lab3/build/lab3': CMAKE_PREFIX_PATH=${CMAKE_PREFIX_PATH}:/home/kymadogg/ros2_ws/install/turtlebot3_teleop:/home/kymadogg/ros2_ws/install/turtlebot3_example:/opt/ros/jazzy DEBUGINFOD_URLS=https://debuginfod.ubuntu.com /usr/bin/cmake --install /home/kymadogg/ros2_ws/src/RBE3002_ros2/lab3/build/lab3
[1.061s] -- Install configuration: ""
[1.061s] -- Execute custom install script
[1.061s] -- Symlinking: /home/kymadogg/ros2_ws/src/RBE3002_ros2/lab3/install/lab3/share/lab3//launch/lab3.launch.py
[1.073s] -- Symlinking: /home/kymadogg/ros2_ws/src/RBE3002_ros2/lab3/install/lab3/share/lab3//launch/map_server.launch.py
[1.085s] -- Symlinking: /home/kymadogg/ros2_ws/src/RBE3002_ros2/lab3/install/lab3/share/lab3//maps/simple_map.pgm
[1.096s] -- Symlinking: /home/kymadogg/ros2_ws/src/RBE3002_ros2/lab3/install/lab3/share/lab3//maps/simple_map.yaml
[1.108s] -- Symlinking: /home/kymadogg/ros2_ws/src/RBE3002_ros2/lab3/install/lab3/share/lab3//config/map_server_params.yaml
[1.122s] -- Symlinking: /home/kymadogg/ros2_ws/src/RBE3002_ros2/lab3/install/lab3/lib/lab3/path_planner.py
[1.133s] -- Symlinking: /home/kymadogg/ros2_ws/src/RBE3002_ros2/lab3/install/lab3/share/ament_index/resource_index/package_run_dependencies/lab3
[1.144s] -- Symlinking: /home/kymadogg/ros2_ws/src/RBE3002_ros2/lab3/install/lab3/share/ament_index/resource_index/parent_prefix_path/lab3
[1.156s] -- Symlinking: /home/kymadogg/ros2_ws/src/RBE3002_ros2/lab3/install/lab3/share/lab3/environment/ament_prefix_path.sh
[1.166s] -- Symlinking: /home/kymadogg/ros2_ws/src/RBE3002_ros2/lab3/install/lab3/share/lab3/environment/ament_prefix_path.dsv
[1.177s] -- Symlinking: /home/kymadogg/ros2_ws/src/RBE3002_ros2/lab3/install/lab3/share/lab3/environment/path.sh
[1.189s] -- Symlinking: /home/kymadogg/ros2_ws/src/RBE3002_ros2/lab3/install/lab3/share/lab3/environment/path.dsv
[1.200s] -- Symlinking: /home/kymadogg/ros2_ws/src/RBE3002_ros2/lab3/install/lab3/share/lab3/local_setup.bash
[1.213s] -- Symlinking: /home/kymadogg/ros2_ws/src/RBE3002_ros2/lab3/install/lab3/share/lab3/local_setup.sh
[1.225s] -- Symlinking: /home/kymadogg/ros2_ws/src/RBE3002_ros2/lab3/install/lab3/share/lab3/local_setup.zsh
[1.236s] -- Symlinking: /home/kymadogg/ros2_ws/src/RBE3002_ros2/lab3/install/lab3/share/lab3/local_setup.dsv
[1.247s] -- Symlinking: /home/kymadogg/ros2_ws/src/RBE3002_ros2/lab3/install/lab3/share/lab3/package.dsv
[1.259s] -- Symlinking: /home/kymadogg/ros2_ws/src/RBE3002_ros2/lab3/install/lab3/share/ament_index/resource_index/packages/lab3
[1.270s] -- Symlinking: /home/kymadogg/ros2_ws/src/RBE3002_ros2/lab3/install/lab3/share/lab3/cmake/lab3Config.cmake
[1.283s] -- Symlinking: /home/kymadogg/ros2_ws/src/RBE3002_ros2/lab3/install/lab3/share/lab3/cmake/lab3Config-version.cmake
[1.293s] -- Symlinking: /home/kymadogg/ros2_ws/src/RBE3002_ros2/lab3/install/lab3/share/lab3/package.xml
[1.309s] Invoked command in '/home/kymadogg/ros2_ws/src/RBE3002_ros2/lab3/build/lab3' returned '0': CMAKE_PREFIX_PATH=${CMAKE_PREFIX_PATH}:/home/kymadogg/ros2_ws/install/turtlebot3_teleop:/home/kymadogg/ros2_ws/install/turtlebot3_example:/opt/ros/jazzy DEBUGINFOD_URLS=https://debuginfod.ubuntu.com /usr/bin/cmake --install /home/kymadogg/ros2_ws/src/RBE3002_ros2/lab3/build/lab3
